<?xml version="1.0" encoding="UTF-8"?>
<!-- Generated by org.testng.reporters.JUnitXMLReporter -->
<testsuite hostname="DESKTOP-KSQ6RIJ" ignored="0" name="Default test" tests="3" failures="0" timestamp="2022-07-08T12:44:46 IST" time="13.875" errors="0">
  <testcase name="ForLogin" time="1.218" classname="Test_Execution.Execution"/>
  <testcase name="ForWishList" time="2.643" classname="Test_Execution.Execution"/>
  <testcase name="stock" time="9.944" classname="Test_Execution.Execution"/>
</testsuite> <!-- Default test -->
